#
# A fatal error has been detected by the Java Runtime Environment:
#
#  EXCEPTION_ACCESS_VIOLATION (0xc0000005) at pc=0x0000000009b92010, pid=6804, tid=8560
#
# JRE version: 7.0-b147
# Java VM: Java HotSpot(TM) 64-Bit Server VM (21.0-b17 mixed mode windows-amd64 compressed oops)
# Problematic frame:
# C  [atio6axx.dll+0x562010]
#
# Failed to write core dump. Minidumps are not enabled by default on client versions of Windows
#
# If you would like to submit a bug report, please visit:
#   http://bugreport.sun.com/bugreport/crash.jsp
# The crash happened outside the Java Virtual Machine in native code.
# See problematic frame for where to report the bug.
#

---------------  T H R E A D  ---------------

Current thread (0x0000000000cec000):  JavaThread "main" [_thread_in_native, id=8560, stack(0x0000000003e00000,0x0000000003f00000)]

siginfo: ExceptionCode=0xc0000005, reading address 0x0000000000000000

Registers:
RAX=0x0000000000000000, RBX=0x0000000000000001, RCX=0x000000000e04ff00, RDX=0x0000000000000000
RSP=0x0000000003efece0, RBP=0x000000000e04ff00, RSI=0x000000000000001a, RDI=0x0000000000000010
R8 =0x0000000000000000, R9 =0x0000000000001000, R10=0x000000000e04ff10, R11=0x000000000e04ff0d
R12=0x0000000000001000, R13=0xffffffffffffff01, R14=0x0000000000000010, R15=0x000000000c6200c0
RIP=0x0000000009b92010, EFLAGS=0x0000000000010297

Top of Stack: (sp=0x0000000003efece0)
0x0000000003efece0:   000000000a918318 0000000009c412cf
0x0000000003efecf0:   0000000000000001 000000000000ff00
0x0000000003efed00:   0000000000000001 00000000000008f0
0x0000000003efed10:   000000000003fc00 000000000a4be50b
0x0000000003efed20:   0000000000000001 0000000000000030
0x0000000003efed30:   000000000a917d80 000000000b5609c0
0x0000000003efed40:   0000000000000006 00000000096e6fbf
0x0000000003efed50:   0000000000000000 000000000bc58990
0x0000000003efed60:   000000000bc3c138 000000000b5609c0
0x0000000003efed70:   000000000bc80270 000000000a23ec03
0x0000000003efed80:   000000000bba1e20 000000000b5609c0
0x0000000003efed90:   000000000bc256b0 000000000a23f663
0x0000000003efeda0:   000000000b5609c0 000000000badb190
0x0000000003efedb0:   000000003200cbf9 000000000b6390b0
0x0000000003efedc0:   000000000bba1e20 0000000003efee30
0x0000000003efedd0:   000000000badb190 000000000b5609c0 

Instructions: (pc=0x0000000009b92010)
0x0000000009b91ff0:   49 8b 40 f8 48 89 41 f8 48 3b cb 72 d3 48 8b 5c
0x0000000009b92000:   24 10 4d 8d 5a fd 49 3b cb 73 18 0f 1f 44 00 00
0x0000000009b92010:   41 8b 00 48 83 c1 04 49 83 c0 04 89 41 fc 49 3b
0x0000000009b92020:   cb 72 ed 49 3b ca 73 1a 0f 1f 84 00 00 00 00 00 


Register to memory mapping:

RAX=0x0000000000000000 is an unknown value
RBX=0x0000000000000001 is an unknown value
RCX=0x000000000e04ff00 is an unknown value
RDX=0x0000000000000000 is an unknown value
RSP=0x0000000003efece0 is pointing into the stack for thread: 0x0000000000cec000
RBP=0x000000000e04ff00 is an unknown value
RSI=0x000000000000001a is an unknown value
RDI=0x0000000000000010 is an unknown value
R8 =0x0000000000000000 is an unknown value
R9 =0x0000000000001000 is an unknown value
R10=0x000000000e04ff10 is an unknown value
R11=0x000000000e04ff0d is an unknown value
R12=0x0000000000001000 is an unknown value
R13=0xffffffffffffff01 is an unknown value
R14=0x0000000000000010 is an unknown value
R15=0x000000000c6200c0 is an unknown value


Stack: [0x0000000003e00000,0x0000000003f00000],  sp=0x0000000003efece0,  free space=1019k
Native frames: (J=compiled Java code, j=interpreted, Vv=VM code, C=native code)
C  [atio6axx.dll+0x562010]  atiPPHSN+0x1a21b0

Java frames: (J=compiled Java code, j=interpreted, Vv=VM code)
j  org.lwjgl.opengl.GL11.nglDrawElementsBO(IIIJJ)V+0
j  org.lwjgl.opengl.GL11.glDrawElements(IIIJ)V+28
j  renderer.Renderer.renderScene()V+78
j  renderer.Renderer.main([Ljava/lang/String;)V+40
v  ~StubRoutines::call_stub

---------------  P R O C E S S  ---------------

Java Threads: ( => current thread )
  0x0000000007a62000 JavaThread "Service Thread" daemon [_thread_blocked, id=4664, stack(0x0000000008a50000,0x0000000008b50000)]
  0x0000000007a59000 JavaThread "C2 CompilerThread1" daemon [_thread_blocked, id=7416, stack(0x0000000008340000,0x0000000008440000)]
  0x0000000007a54000 JavaThread "C2 CompilerThread0" daemon [_thread_blocked, id=7988, stack(0x0000000008930000,0x0000000008a30000)]
  0x0000000007a51000 JavaThread "Attach Listener" daemon [_thread_blocked, id=8924, stack(0x0000000008730000,0x0000000008830000)]
  0x0000000007a4b800 JavaThread "Signal Dispatcher" daemon [_thread_blocked, id=8872, stack(0x0000000008620000,0x0000000008720000)]
  0x0000000003b74000 JavaThread "Finalizer" daemon [_thread_blocked, id=6696, stack(0x0000000008450000,0x0000000008550000)]
  0x0000000003b6a000 JavaThread "Reference Handler" daemon [_thread_blocked, id=9012, stack(0x00000000081b0000,0x00000000082b0000)]
=>0x0000000000cec000 JavaThread "main" [_thread_in_native, id=8560, stack(0x0000000003e00000,0x0000000003f00000)]

Other Threads:
  0x0000000003b65800 VMThread [stack: 0x0000000007f80000,0x0000000008080000] [id=3012]
  0x0000000007a6b000 WatcherThread [stack: 0x0000000008c50000,0x0000000008d50000] [id=6364]

VM state:not at safepoint (normal execution)

VM Mutex/Monitor currently owned by a thread: None

Heap
 PSYoungGen      total 127872K, used 17810K [0x00000000ebb60000, 0x00000000fa1f0000, 0x0000000100000000)
  eden space 122432K, 14% used [0x00000000ebb60000,0x00000000eccc4910,0x00000000f32f0000)
  from space 5440K, 0% used [0x00000000f32f0000,0x00000000f32f0000,0x00000000f3840000)
  to   space 20096K, 0% used [0x00000000f8e50000,0x00000000f8e50000,0x00000000fa1f0000)
 PSOldGen        total 76416K, used 41600K [0x00000000c3200000, 0x00000000c7ca0000, 0x00000000ebb60000)
  object space 76416K, 54% used [0x00000000c3200000,0x00000000c5aa0000,0x00000000c7ca0000)
 PSPermGen       total 21248K, used 4282K [0x00000000be000000, 0x00000000bf4c0000, 0x00000000c3200000)
  object space 21248K, 20% used [0x00000000be000000,0x00000000be42e958,0x00000000bf4c0000)

Code Cache  [0x0000000003f00000, 0x0000000004170000, 0x0000000006f00000)
 total_blobs=441 nmethods=137 adapters=256 free_code_cache=48433Kb largest_free_block=49556352

Dynamic libraries:
0x000000013f3e0000 - 0x000000013f413000 	C:\Program Files\Java\jre7\bin\javaw.exe
0x0000000077600000 - 0x00000000777a9000 	C:\Windows\SYSTEM32\ntdll.dll
0x00000000773e0000 - 0x00000000774ff000 	C:\Windows\system32\kernel32.dll
0x000007fefd4b0000 - 0x000007fefd51b000 	C:\Windows\system32\KERNELBASE.dll
0x0000000072070000 - 0x00000000720c5000 	C:\Program Files\BitDefender\BitDefender 2011\Active Virus Control\Midas_00089_020\midas64.dll
0x0000000072040000 - 0x0000000072068000 	C:\Program Files\BitDefender\BitDefender 2011\Active Virus Control\Midas_00089_020\plugin_base.m64
0x0000000071fe0000 - 0x0000000072038000 	C:\Program Files\BitDefender\BitDefender 2011\Active Virus Control\Midas_00089_020\plugin_nt.m64
0x0000000071fb0000 - 0x0000000071fd5000 	C:\Program Files\BitDefender\BitDefender 2011\Active Virus Control\Midas_00089_020\plugin_registry.m64
0x0000000071f70000 - 0x0000000071fa9000 	C:\Program Files\BitDefender\BitDefender 2011\Active Virus Control\Midas_00089_020\plugin_extra.m64
0x0000000071f50000 - 0x0000000071f6d000 	C:\Program Files\BitDefender\BitDefender 2011\Active Virus Control\Midas_00089_020\plugin_net.m64
0x0000000071f00000 - 0x0000000071f48000 	C:\Program Files\BitDefender\BitDefender 2011\Active Virus Control\Midas_00089_020\plugin_fragments.m64
0x0000000180000000 - 0x0000000180023000 	C:\Program Files\BitDefender\BitDefender 2011\Active Virus Control\Midas_00089_020\leaktests.m64
0x000007fefd8b0000 - 0x000007fefd98b000 	C:\Windows\system32\ADVAPI32.dll
0x000007fefdaa0000 - 0x000007fefdb3f000 	C:\Windows\system32\msvcrt.dll
0x000007fefdd70000 - 0x000007fefdd8f000 	C:\Windows\SYSTEM32\sechost.dll
0x000007fefe430000 - 0x000007fefe55d000 	C:\Windows\system32\RPCRT4.dll
0x0000000077500000 - 0x00000000775fa000 	C:\Windows\system32\USER32.dll
0x000007fefd810000 - 0x000007fefd877000 	C:\Windows\system32\GDI32.dll
0x000007feff900000 - 0x000007feff90e000 	C:\Windows\system32\LPK.dll
0x000007feff2f0000 - 0x000007feff3b9000 	C:\Windows\system32\USP10.dll
0x000007fefbdc0000 - 0x000007fefbfb4000 	C:\Windows\WinSxS\amd64_microsoft.windows.common-controls_6595b64144ccf1df_6.0.7601.17514_none_fa396087175ac9ac\COMCTL32.dll
0x000007feff3c0000 - 0x000007feff431000 	C:\Windows\system32\SHLWAPI.dll
0x000007fefd880000 - 0x000007fefd8ae000 	C:\Windows\system32\IMM32.DLL
0x000007fefd990000 - 0x000007fefda99000 	C:\Windows\system32\MSCTF.dll
0x000000006d7a0000 - 0x000000006d871000 	C:\Program Files\Java\jre7\bin\msvcr100.dll
0x000000006a3c0000 - 0x000000006aa8e000 	C:\Program Files\Java\jre7\bin\server\jvm.dll
0x000007fef9f20000 - 0x000007fef9f29000 	C:\Windows\system32\WSOCK32.dll
0x000007fefe340000 - 0x000007fefe38d000 	C:\Windows\system32\WS2_32.dll
0x000007fefdd90000 - 0x000007fefdd98000 	C:\Windows\system32\NSI.dll
0x000007fefbd70000 - 0x000007fefbdab000 	C:\Windows\system32\WINMM.dll
0x00000000777d0000 - 0x00000000777d7000 	C:\Windows\system32\PSAPI.DLL
0x0000000073ff0000 - 0x0000000073fff000 	C:\Program Files\Java\jre7\bin\verify.dll
0x00000000735e0000 - 0x0000000073608000 	C:\Program Files\Java\jre7\bin\java.dll
0x0000000073e90000 - 0x0000000073ea5000 	C:\Program Files\Java\jre7\bin\zip.dll
0x0000000000560000 - 0x00000000005b0000 	C:\Users\Max\Dropbox\Java\3dss\3dss\lwjgl-2.9.0\lwjgl-2.9.0\native\windows\lwjgl64.dll
0x000007fee4ac0000 - 0x000007fee4bdd000 	C:\Windows\system32\OPENGL32.dll
0x000007fef0ae0000 - 0x000007fef0b0d000 	C:\Windows\system32\GLU32.dll
0x000007fee48b0000 - 0x000007fee49a1000 	C:\Windows\system32\DDRAW.dll
0x000007fefbcc0000 - 0x000007fefbcc8000 	C:\Windows\system32\DCIMAN32.dll
0x000007fefdec0000 - 0x000007fefe097000 	C:\Windows\system32\SETUPAPI.dll
0x000007fefd640000 - 0x000007fefd676000 	C:\Windows\system32\CFGMGR32.dll
0x000007fefe0a0000 - 0x000007fefe177000 	C:\Windows\system32\OLEAUT32.dll
0x000007fefdb40000 - 0x000007fefdd43000 	C:\Windows\system32\ole32.dll
0x000007fefd5d0000 - 0x000007fefd5ea000 	C:\Windows\system32\DEVOBJ.dll
0x000007fefb710000 - 0x000007fefb728000 	C:\Windows\system32\dwmapi.dll
0x000007fefc490000 - 0x000007fefc49c000 	C:\Windows\system32\VERSION.dll
0x000007fefba50000 - 0x000007fefbaa6000 	C:\Windows\system32\uxtheme.dll
0x000007fef3220000 - 0x000007fef3227000 	C:\Program Files\BitDefender\BitDefender 2011\pchook64.dll
0x000007fefe560000 - 0x000007feff2e8000 	C:\Windows\system32\SHELL32.dll
0x0000000075080000 - 0x0000000075123000 	C:\Windows\WinSxS\amd64_microsoft.vc90.crt_1fc8b3b9a1e18e3b_9.0.30729.6161_none_08e61857a83bc251\MSVCR90.dll
0x000007fefd3e0000 - 0x000007fefd3ef000 	C:\Windows\system32\profapi.dll
0x000007fefd280000 - 0x000007fefd2a5000 	C:\Windows\system32\SspiCli.dll
0x0000000008b50000 - 0x0000000008c37000 	C:\Program Files\DigitalPersona\Bin\DpoFeedb.dll
0x000007fefc7c0000 - 0x000007fefc7de000 	C:\Windows\system32\USERENV.dll
0x000007fefbcb0000 - 0x000007fefbcb8000 	C:\Windows\system32\atig6pxx.dll
0x0000000009630000 - 0x000000000aa44000 	C:\Windows\system32\atio6axx.dll
0x000007fef6a00000 - 0x000007fef6a0a000 	C:\Windows\system32\atig6txx.dll
0x0000000000c60000 - 0x0000000000cb7000 	C:\Windows\system32\atiadlxx.dll
0x000007fefd600000 - 0x000007fefd63a000 	C:\Windows\system32\WINTRUST.dll
0x000007fefd6a0000 - 0x000007fefd80c000 	C:\Windows\system32\CRYPT32.dll
0x000007fefd480000 - 0x000007fefd48f000 	C:\Windows\system32\MSASN1.dll
0x000007fefd310000 - 0x000007fefd31f000 	C:\Windows\system32\CRYPTBASE.dll
0x000007fefdda0000 - 0x000007fefde39000 	C:\Windows\system32\CLBCatQ.DLL
0x000007feeed40000 - 0x000007feeed6d000 	C:\Program Files\DigitalPersona\Bin\DpoSet.dll
0x0000000075130000 - 0x0000000075203000 	C:\Windows\WinSxS\amd64_microsoft.vc90.crt_1fc8b3b9a1e18e3b_9.0.30729.6161_none_08e61857a83bc251\MSVCP90.dll
0x000007fee4a20000 - 0x000007fee4abc000 	C:\Windows\system32\mscms.dll
0x000007feed770000 - 0x000007feed7b2000 	C:\Windows\system32\icm32.dll

VM Arguments:
jvm_args: -Djava.library.path=C:\Users\Max\Dropbox\Java\3dss\3dss\lwjgl-2.9.0\lwjgl-2.9.0\native\windows -Dfile.encoding=Cp1252 
java_command: renderer.Renderer
Launcher Type: SUN_STANDARD

Environment Variables:
CLASSPATH=.;C:\Program Files (x86)\Java\jre6\lib\ext\QTJava.zip
PATH=C:\Program Files (x86)\NVIDIA Corporation\PhysX\Common;C:\Program Files\Common Files\Microsoft Shared\Windows Live;C:\Program Files (x86)\Common Files\Microsoft Shared\Windows Live;C:\Program Files\MATLAB\R2010b\runtime\win64;C:\Program Files\MATLAB\R2010b\bin;C:\Program Files\MATLAB\R2009b\bin;C:\Program Files\MATLAB\R2009b\bin\win64;C:\Program Files (x86)\Haskell\bin;C:\Program Files (x86)\Haskell Platform\2010.2.0.0\lib\extralibs\bin;C:\Program Files (x86)\Haskell Platform\2010.2.0.0\bin;C:\Windows\system32;C:\Windows;C:\Windows\System32\Wbem;C:\Windows\System32\WindowsPowerShell\v1.0\;C:\Program Files (x86)\ATI Technologies\ATI.ACE\Core-Static;C:\Program Files\Intel\WiFi\bin\;C:\Program Files\Common Files\Intel\WirelessCommon\;C:\Program Files (x86)\QuickTime\QTSystem\;C:\Program Files\MATLAB\R2009b\runtime\win64;C:\Program Files\MATLAB\R2009b\bin;C:\Program Files (x86)\Altium Designer Summer 09\System;C:\Program Files (x86)\Windows Live\Shared;C:\Program Files (x86)\IVI Foundation\VISA\WinNT\Bin;C:\Program Files\JAI\SDK\bin;C:\Program Files\JAI\SDK\bin\Win32_i86;C:\Program Files\JAI\SDK\GenICam\bin\Win64_x64;C:\Program Files\JAI\SDK\GenICam\bin\Win32_i86;c:\Program Files (x86)\Microsoft SQL Server\100\Tools\Binn\;c:\Program Files\Microsoft SQL Server\100\Tools\Binn\;c:\Program Files\Microsoft SQL Server\100\DTS\Binn\;C:\Program Files\jEdit;C:\Ruby193\bin;C:\Users\Max\AppData\Roaming\cabal\bin
USERNAME=Max
OS=Windows_NT
PROCESSOR_IDENTIFIER=Intel64 Family 6 Model 37 Stepping 5, GenuineIntel



---------------  S Y S T E M  ---------------

OS: Windows 7 , 64 bit Build 7601 Service Pack 1

CPU:total 4 (2 cores per cpu, 2 threads per core) family 6 model 37 stepping 5, cmov, cx8, fxsr, mmx, sse, sse2, sse3, ssse3, sse4.1, sse4.2, popcnt, ht

Memory: 4k page, physical 3987312k(765212k free), swap 8169372k(777032k free)

vm_info: Java HotSpot(TM) 64-Bit Server VM (21.0-b17) for windows-amd64 JRE (1.7.0-b147), built on Jun 27 2011 02:19:45 by "java_re" with unknown MS VC++:1600

time: Thu Sep 12 23:36:43 2013
elapsed time: 5 seconds

