#
# A fatal error has been detected by the Java Runtime Environment:
#
#  EXCEPTION_ACCESS_VIOLATION (0xc0000005) at pc=0x000000000adf2010, pid=8368, tid=1228
#
# JRE version: 7.0-b147
# Java VM: Java HotSpot(TM) 64-Bit Server VM (21.0-b17 mixed mode windows-amd64 compressed oops)
# Problematic frame:
# C  [atio6axx.dll+0x562010]
#
# Failed to write core dump. Minidumps are not enabled by default on client versions of Windows
#
# If you would like to submit a bug report, please visit:
#   http://bugreport.sun.com/bugreport/crash.jsp
# The crash happened outside the Java Virtual Machine in native code.
# See problematic frame for where to report the bug.
#

---------------  T H R E A D  ---------------

Current thread (0x000000000070c000):  JavaThread "main" [_thread_in_native, id=1228, stack(0x0000000003db0000,0x0000000003eb0000)]

siginfo: ExceptionCode=0xc0000005, reading address 0x0000000000000000

Registers:
RAX=0x0000000000000000, RBX=0x0000000000000001, RCX=0x000000000a70ff00, RDX=0x0000000000000000
RSP=0x0000000003eaf020, RBP=0x000000000a70ff00, RSI=0x000000000000001a, RDI=0x0000000000000010
R8 =0x0000000000000000, R9 =0x0000000000001000, R10=0x000000000a70ff10, R11=0x000000000a70ff0d
R12=0x0000000000001000, R13=0xffffffffffffff01, R14=0x0000000000000010, R15=0x000000000c7800c0
RIP=0x000000000adf2010, EFLAGS=0x0000000000010297

Top of Stack: (sp=0x0000000003eaf020)
0x0000000003eaf020:   000000000bb78318 000000000aea12cf
0x0000000003eaf030:   0000000000000001 000000000000ff00
0x0000000003eaf040:   0000000000000001 00000000000008f0
0x0000000003eaf050:   000000000003fc00 000000000b71e50b
0x0000000003eaf060:   0000000000000001 0000000000000030
0x0000000003eaf070:   000000000bb77d80 0000000009ea09c0
0x0000000003eaf080:   0000000000000006 000000000a946fbf
0x0000000003eaf090:   0000000000000000 000000000be48990
0x0000000003eaf0a0:   000000000be2c138 0000000009ea09c0
0x0000000003eaf0b0:   000000000be70270 000000000b49ec03
0x0000000003eaf0c0:   000000000bd91e20 0000000009ea09c0
0x0000000003eaf0d0:   000000000be156b0 000000000b49f663
0x0000000003eaf0e0:   0000000009ea09c0 000000000bccb190
0x0000000003eaf0f0:   000000003200cbf9 0000000009f790b0
0x0000000003eaf100:   000000000bd91e20 0000000003eaf170
0x0000000003eaf110:   000000000bccb190 0000000009ea09c0 

Instructions: (pc=0x000000000adf2010)
0x000000000adf1ff0:   49 8b 40 f8 48 89 41 f8 48 3b cb 72 d3 48 8b 5c
0x000000000adf2000:   24 10 4d 8d 5a fd 49 3b cb 73 18 0f 1f 44 00 00
0x000000000adf2010:   41 8b 00 48 83 c1 04 49 83 c0 04 89 41 fc 49 3b
0x000000000adf2020:   cb 72 ed 49 3b ca 73 1a 0f 1f 84 00 00 00 00 00 


Register to memory mapping:

RAX=0x0000000000000000 is an unknown value
RBX=0x0000000000000001 is an unknown value
RCX=0x000000000a70ff00 is an unknown value
RDX=0x0000000000000000 is an unknown value
RSP=0x0000000003eaf020 is pointing into the stack for thread: 0x000000000070c000
RBP=0x000000000a70ff00 is an unknown value
RSI=0x000000000000001a is an unknown value
RDI=0x0000000000000010 is an unknown value
R8 =0x0000000000000000 is an unknown value
R9 =0x0000000000001000 is an unknown value
R10=0x000000000a70ff10 is an unknown value
R11=0x000000000a70ff0d is an unknown value
R12=0x0000000000001000 is an unknown value
R13=0xffffffffffffff01 is an unknown value
R14=0x0000000000000010 is an unknown value
R15=0x000000000c7800c0 is an unknown value


Stack: [0x0000000003db0000,0x0000000003eb0000],  sp=0x0000000003eaf020,  free space=1020k
Native frames: (J=compiled Java code, j=interpreted, Vv=VM code, C=native code)
C  [atio6axx.dll+0x562010]  atiPPHSN+0x1a21b0

Java frames: (J=compiled Java code, j=interpreted, Vv=VM code)
j  org.lwjgl.opengl.GL11.nglDrawElementsBO(IIIJJ)V+0
j  org.lwjgl.opengl.GL11.glDrawElements(IIIJ)V+28
j  renderer.Renderer.renderScene()V+78
j  renderer.Renderer.main([Ljava/lang/String;)V+40
v  ~StubRoutines::call_stub

---------------  P R O C E S S  ---------------

Java Threads: ( => current thread )
  0x0000000007a02000 JavaThread "Service Thread" daemon [_thread_blocked, id=8264, stack(0x0000000008850000,0x0000000008950000)]
  0x00000000079f9000 JavaThread "C2 CompilerThread1" daemon [_thread_blocked, id=8480, stack(0x0000000008710000,0x0000000008810000)]
  0x00000000079f4000 JavaThread "C2 CompilerThread0" daemon [_thread_blocked, id=8032, stack(0x0000000008540000,0x0000000008640000)]
  0x00000000079f0800 JavaThread "Attach Listener" daemon [_thread_blocked, id=3156, stack(0x0000000008320000,0x0000000008420000)]
  0x00000000079eb800 JavaThread "Signal Dispatcher" daemon [_thread_blocked, id=7276, stack(0x0000000008430000,0x0000000008530000)]
  0x0000000003af6000 JavaThread "Finalizer" daemon [_thread_blocked, id=5932, stack(0x0000000007eb0000,0x0000000007fb0000)]
  0x0000000003aea000 JavaThread "Reference Handler" daemon [_thread_blocked, id=7000, stack(0x00000000081f0000,0x00000000082f0000)]
=>0x000000000070c000 JavaThread "main" [_thread_in_native, id=1228, stack(0x0000000003db0000,0x0000000003eb0000)]

Other Threads:
  0x0000000003ae5800 VMThread [stack: 0x0000000007fe0000,0x00000000080e0000] [id=8808]
  0x0000000007a0b000 WatcherThread [stack: 0x0000000008a20000,0x0000000008b20000] [id=8136]

VM state:not at safepoint (normal execution)

VM Mutex/Monitor currently owned by a thread: None

Heap
 PSYoungGen      total 127872K, used 17794K [0x00000000ebb60000, 0x00000000fa1f0000, 0x0000000100000000)
  eden space 122432K, 14% used [0x00000000ebb60000,0x00000000eccc0908,0x00000000f32f0000)
  from space 5440K, 0% used [0x00000000f32f0000,0x00000000f32f0000,0x00000000f3840000)
  to   space 20096K, 0% used [0x00000000f8e50000,0x00000000f8e50000,0x00000000fa1f0000)
 PSOldGen        total 76672K, used 41599K [0x00000000c3200000, 0x00000000c7ce0000, 0x00000000ebb60000)
  object space 76672K, 54% used [0x00000000c3200000,0x00000000c5a9fff0,0x00000000c7ce0000)
 PSPermGen       total 21248K, used 4283K [0x00000000be000000, 0x00000000bf4c0000, 0x00000000c3200000)
  object space 21248K, 20% used [0x00000000be000000,0x00000000be42ef08,0x00000000bf4c0000)

Code Cache  [0x0000000003eb0000, 0x0000000004120000, 0x0000000006eb0000)
 total_blobs=449 nmethods=145 adapters=256 free_code_cache=48417Kb largest_free_block=49541824

Dynamic libraries:
0x000000013f3e0000 - 0x000000013f413000 	C:\Program Files\Java\jre7\bin\javaw.exe
0x0000000077600000 - 0x00000000777a9000 	C:\Windows\SYSTEM32\ntdll.dll
0x00000000773e0000 - 0x00000000774ff000 	C:\Windows\system32\kernel32.dll
0x000007fefd4b0000 - 0x000007fefd51b000 	C:\Windows\system32\KERNELBASE.dll
0x0000000072070000 - 0x00000000720c5000 	C:\Program Files\BitDefender\BitDefender 2011\Active Virus Control\Midas_00089_020\midas64.dll
0x0000000072040000 - 0x0000000072068000 	C:\Program Files\BitDefender\BitDefender 2011\Active Virus Control\Midas_00089_020\plugin_base.m64
0x0000000071fe0000 - 0x0000000072038000 	C:\Program Files\BitDefender\BitDefender 2011\Active Virus Control\Midas_00089_020\plugin_nt.m64
0x0000000071fb0000 - 0x0000000071fd5000 	C:\Program Files\BitDefender\BitDefender 2011\Active Virus Control\Midas_00089_020\plugin_registry.m64
0x0000000071f70000 - 0x0000000071fa9000 	C:\Program Files\BitDefender\BitDefender 2011\Active Virus Control\Midas_00089_020\plugin_extra.m64
0x0000000071f50000 - 0x0000000071f6d000 	C:\Program Files\BitDefender\BitDefender 2011\Active Virus Control\Midas_00089_020\plugin_net.m64
0x0000000071f00000 - 0x0000000071f48000 	C:\Program Files\BitDefender\BitDefender 2011\Active Virus Control\Midas_00089_020\plugin_fragments.m64
0x0000000180000000 - 0x0000000180023000 	C:\Program Files\BitDefender\BitDefender 2011\Active Virus Control\Midas_00089_020\leaktests.m64
0x000007fefd8b0000 - 0x000007fefd98b000 	C:\Windows\system32\ADVAPI32.dll
0x000007fefdaa0000 - 0x000007fefdb3f000 	C:\Windows\system32\msvcrt.dll
0x000007fefdd70000 - 0x000007fefdd8f000 	C:\Windows\SYSTEM32\sechost.dll
0x000007fefe430000 - 0x000007fefe55d000 	C:\Windows\system32\RPCRT4.dll
0x0000000077500000 - 0x00000000775fa000 	C:\Windows\system32\USER32.dll
0x000007fefd810000 - 0x000007fefd877000 	C:\Windows\system32\GDI32.dll
0x000007feff900000 - 0x000007feff90e000 	C:\Windows\system32\LPK.dll
0x000007feff2f0000 - 0x000007feff3b9000 	C:\Windows\system32\USP10.dll
0x000007fefbdc0000 - 0x000007fefbfb4000 	C:\Windows\WinSxS\amd64_microsoft.windows.common-controls_6595b64144ccf1df_6.0.7601.17514_none_fa396087175ac9ac\COMCTL32.dll
0x000007feff3c0000 - 0x000007feff431000 	C:\Windows\system32\SHLWAPI.dll
0x000007fefd880000 - 0x000007fefd8ae000 	C:\Windows\system32\IMM32.DLL
0x000007fefd990000 - 0x000007fefda99000 	C:\Windows\system32\MSCTF.dll
0x000000006d7a0000 - 0x000000006d871000 	C:\Program Files\Java\jre7\bin\msvcr100.dll
0x000000006a3c0000 - 0x000000006aa8e000 	C:\Program Files\Java\jre7\bin\server\jvm.dll
0x000007fef9f20000 - 0x000007fef9f29000 	C:\Windows\system32\WSOCK32.dll
0x000007fefe340000 - 0x000007fefe38d000 	C:\Windows\system32\WS2_32.dll
0x000007fefdd90000 - 0x000007fefdd98000 	C:\Windows\system32\NSI.dll
0x000007fefbd70000 - 0x000007fefbdab000 	C:\Windows\system32\WINMM.dll
0x00000000777d0000 - 0x00000000777d7000 	C:\Windows\system32\PSAPI.DLL
0x0000000073ff0000 - 0x0000000073fff000 	C:\Program Files\Java\jre7\bin\verify.dll
0x00000000735e0000 - 0x0000000073608000 	C:\Program Files\Java\jre7\bin\java.dll
0x0000000073e90000 - 0x0000000073ea5000 	C:\Program Files\Java\jre7\bin\zip.dll
0x0000000000df0000 - 0x0000000000e40000 	C:\Users\Max\Dropbox\Java\3dss\3dss\lwjgl-2.9.0\lwjgl-2.9.0\native\windows\lwjgl64.dll
0x000007fee4ac0000 - 0x000007fee4bdd000 	C:\Windows\system32\OPENGL32.dll
0x000007fef0ae0000 - 0x000007fef0b0d000 	C:\Windows\system32\GLU32.dll
0x000007fee48b0000 - 0x000007fee49a1000 	C:\Windows\system32\DDRAW.dll
0x000007fefbcc0000 - 0x000007fefbcc8000 	C:\Windows\system32\DCIMAN32.dll
0x000007fefdec0000 - 0x000007fefe097000 	C:\Windows\system32\SETUPAPI.dll
0x000007fefd640000 - 0x000007fefd676000 	C:\Windows\system32\CFGMGR32.dll
0x000007fefe0a0000 - 0x000007fefe177000 	C:\Windows\system32\OLEAUT32.dll
0x000007fefdb40000 - 0x000007fefdd43000 	C:\Windows\system32\ole32.dll
0x000007fefd5d0000 - 0x000007fefd5ea000 	C:\Windows\system32\DEVOBJ.dll
0x000007fefb710000 - 0x000007fefb728000 	C:\Windows\system32\dwmapi.dll
0x000007fefc490000 - 0x000007fefc49c000 	C:\Windows\system32\VERSION.dll
0x000007fefba50000 - 0x000007fefbaa6000 	C:\Windows\system32\uxtheme.dll
0x000007fef3220000 - 0x000007fef3227000 	C:\Program Files\BitDefender\BitDefender 2011\pchook64.dll
0x000007fefe560000 - 0x000007feff2e8000 	C:\Windows\system32\SHELL32.dll
0x0000000075080000 - 0x0000000075123000 	C:\Windows\WinSxS\amd64_microsoft.vc90.crt_1fc8b3b9a1e18e3b_9.0.30729.6161_none_08e61857a83bc251\MSVCR90.dll
0x000007fefd3e0000 - 0x000007fefd3ef000 	C:\Windows\system32\profapi.dll
0x000007fefd280000 - 0x000007fefd2a5000 	C:\Windows\system32\SspiCli.dll
0x0000000009310000 - 0x00000000093f7000 	C:\Program Files\DigitalPersona\Bin\DpoFeedb.dll
0x000007fefc7c0000 - 0x000007fefc7de000 	C:\Windows\system32\USERENV.dll
0x000007fefbcb0000 - 0x000007fefbcb8000 	C:\Windows\system32\atig6pxx.dll
0x000000000a890000 - 0x000000000bca4000 	C:\Windows\system32\atio6axx.dll
0x000007fef6a00000 - 0x000007fef6a0a000 	C:\Windows\system32\atig6txx.dll
0x00000000010f0000 - 0x0000000001147000 	C:\Windows\system32\atiadlxx.dll
0x000007fefd600000 - 0x000007fefd63a000 	C:\Windows\system32\WINTRUST.dll
0x000007fefd6a0000 - 0x000007fefd80c000 	C:\Windows\system32\CRYPT32.dll
0x000007fefd480000 - 0x000007fefd48f000 	C:\Windows\system32\MSASN1.dll
0x000007fefd310000 - 0x000007fefd31f000 	C:\Windows\system32\CRYPTBASE.dll
0x000007fefdda0000 - 0x000007fefde39000 	C:\Windows\system32\CLBCatQ.DLL
0x000007feeed40000 - 0x000007feeed6d000 	C:\Program Files\DigitalPersona\Bin\DpoSet.dll
0x0000000075130000 - 0x0000000075203000 	C:\Windows\WinSxS\amd64_microsoft.vc90.crt_1fc8b3b9a1e18e3b_9.0.30729.6161_none_08e61857a83bc251\MSVCP90.dll
0x000007fee4a20000 - 0x000007fee4abc000 	C:\Windows\system32\mscms.dll
0x000007feed770000 - 0x000007feed7b2000 	C:\Windows\system32\icm32.dll

VM Arguments:
jvm_args: -Djava.library.path=C:\Users\Max\Dropbox\Java\3dss\3dss\lwjgl-2.9.0\lwjgl-2.9.0\native\windows -Dfile.encoding=Cp1252 
java_command: renderer.Renderer
Launcher Type: SUN_STANDARD

Environment Variables:
CLASSPATH=.;C:\Program Files (x86)\Java\jre6\lib\ext\QTJava.zip
PATH=C:\Program Files (x86)\NVIDIA Corporation\PhysX\Common;C:\Program Files\Common Files\Microsoft Shared\Windows Live;C:\Program Files (x86)\Common Files\Microsoft Shared\Windows Live;C:\Program Files\MATLAB\R2010b\runtime\win64;C:\Program Files\MATLAB\R2010b\bin;C:\Program Files\MATLAB\R2009b\bin;C:\Program Files\MATLAB\R2009b\bin\win64;C:\Program Files (x86)\Haskell\bin;C:\Program Files (x86)\Haskell Platform\2010.2.0.0\lib\extralibs\bin;C:\Program Files (x86)\Haskell Platform\2010.2.0.0\bin;C:\Windows\system32;C:\Windows;C:\Windows\System32\Wbem;C:\Windows\System32\WindowsPowerShell\v1.0\;C:\Program Files (x86)\ATI Technologies\ATI.ACE\Core-Static;C:\Program Files\Intel\WiFi\bin\;C:\Program Files\Common Files\Intel\WirelessCommon\;C:\Program Files (x86)\QuickTime\QTSystem\;C:\Program Files\MATLAB\R2009b\runtime\win64;C:\Program Files\MATLAB\R2009b\bin;C:\Program Files (x86)\Altium Designer Summer 09\System;C:\Program Files (x86)\Windows Live\Shared;C:\Program Files (x86)\IVI Foundation\VISA\WinNT\Bin;C:\Program Files\JAI\SDK\bin;C:\Program Files\JAI\SDK\bin\Win32_i86;C:\Program Files\JAI\SDK\GenICam\bin\Win64_x64;C:\Program Files\JAI\SDK\GenICam\bin\Win32_i86;c:\Program Files (x86)\Microsoft SQL Server\100\Tools\Binn\;c:\Program Files\Microsoft SQL Server\100\Tools\Binn\;c:\Program Files\Microsoft SQL Server\100\DTS\Binn\;C:\Program Files\jEdit;C:\Ruby193\bin;C:\Users\Max\AppData\Roaming\cabal\bin
USERNAME=Max
OS=Windows_NT
PROCESSOR_IDENTIFIER=Intel64 Family 6 Model 37 Stepping 5, GenuineIntel



---------------  S Y S T E M  ---------------

OS: Windows 7 , 64 bit Build 7601 Service Pack 1

CPU:total 4 (2 cores per cpu, 2 threads per core) family 6 model 37 stepping 5, cmov, cx8, fxsr, mmx, sse, sse2, sse3, ssse3, sse4.1, sse4.2, popcnt, ht

Memory: 4k page, physical 3987312k(730676k free), swap 8169372k(755716k free)

vm_info: Java HotSpot(TM) 64-Bit Server VM (21.0-b17) for windows-amd64 JRE (1.7.0-b147), built on Jun 27 2011 02:19:45 by "java_re" with unknown MS VC++:1600

time: Thu Sep 12 23:38:18 2013
elapsed time: 5 seconds

