#
# A fatal error has been detected by the Java Runtime Environment:
#
#  EXCEPTION_ACCESS_VIOLATION (0xc0000005) at pc=0x00000000696335d1, pid=6820, tid=2128
#
# JRE version: 7.0-b147
# Java VM: Java HotSpot(TM) 64-Bit Server VM (21.0-b17 mixed mode windows-amd64 compressed oops)
# Problematic frame:
# C  [atio6axx.dll+0x6035d1]
#
# Failed to write core dump. Minidumps are not enabled by default on client versions of Windows
#
# If you would like to submit a bug report, please visit:
#   http://bugreport.sun.com/bugreport/crash.jsp
# The crash happened outside the Java Virtual Machine in native code.
# See problematic frame for where to report the bug.
#

---------------  T H R E A D  ---------------

Current thread (0x0000000003e6c000):  JavaThread "main" [_thread_in_native, id=2128, stack(0x0000000004120000,0x0000000004220000)]

siginfo: ExceptionCode=0xc0000005, reading address 0x0000000000000000

Registers:
RAX=0x000000000b478d70, RBX=0x0000000000004404, RCX=0x0000000000000088, RDX=0x000000000b478d70
RSP=0x000000000421f3f0, RBP=0x0000000000000001, RSI=0x0000000000000000, RDI=0x0000000000000000
R8 =0x0000000000000014, R9 =0x0000000000000168, R10=0x0000000000000134, R11=0x0000000000000001
R12=0x0000000009e41620, R13=0x0000000000000000, R14=0x0000000009e41620, R15=0x0000000000000002
RIP=0x00000000696335d1, EFLAGS=0x0000000000010202

Top of Stack: (sp=0x000000000421f3f0)
0x000000000421f3f0:   0000000000004404 0000000000000001
0x000000000421f400:   0000000000000004 000000006a317d80
0x000000000421f410:   0000000000000004 00000000695e4a37
0x000000000421f420:   000000006a319780 0000000000004404
0x000000000421f430:   0000000000000000 000000006a317d80
0x000000000421f440:   0000000000000000 0000000009f5bb70
0x000000000421f450:   0000000009f68980 000000006a2f3c30
0x000000000421f460:   000000000aaaeaf0 0000000069d1e2e7
0x000000000421f470:   000000000aa715f0 000000006a2f3c30
0x000000000421f480:   0000000009f66900 0000000000000000
0x000000000421f490:   000000000aa9c730 0000000000004404
0x000000000421f4a0:   0000000000000000 0000000000001401
0x000000000421f4b0:   0000000000000000 0000000000004404
0x000000000421f4c0:   0000000000000004 0000000000001401
0x000000000421f4d0:   000000006a319780 00000000695e3030
0x000000000421f4e0:   0000000000000000 00000000694dcc7c 

Instructions: (pc=0x00000000696335d1)
0x00000000696335b1:   b6 07 48 83 c2 04 66 89 42 fc 0f b6 47 01 48 03
0x00000000696335c1:   fd 83 c3 ff 66 89 42 fe 75 e5 eb 17 85 db 74 13
0x00000000696335d1:   0f b6 0f 48 83 c2 02 48 03 fd 83 c3 ff 66 89 4a
0x00000000696335e1:   fe 75 ed b8 01 00 00 00 48 8b 5c 24 30 48 8b 6c 


Register to memory mapping:

RAX=0x000000000b478d70 is an unknown value
RBX=0x0000000000004404 is an unknown value
RCX=0x0000000000000088 is an unknown value
RDX=0x000000000b478d70 is an unknown value
RSP=0x000000000421f3f0 is pointing into the stack for thread: 0x0000000003e6c000
RBP=0x0000000000000001 is an unknown value
RSI=0x0000000000000000 is an unknown value
RDI=0x0000000000000000 is an unknown value
R8 =0x0000000000000014 is an unknown value
R9 =0x0000000000000168 is an unknown value
R10=0x0000000000000134 is an unknown value
R11=0x0000000000000001 is an unknown value
R12=0x0000000009e41620 is an unknown value
R13=0x0000000000000000 is an unknown value
R14=0x0000000009e41620 is an unknown value
R15=0x0000000000000002 is an unknown value


Stack: [0x0000000004120000,0x0000000004220000],  sp=0x000000000421f3f0,  free space=1020k
Native frames: (J=compiled Java code, j=interpreted, Vv=VM code, C=native code)
C  [atio6axx.dll+0x6035d1]  atiPPHSN+0x243771

Java frames: (J=compiled Java code, j=interpreted, Vv=VM code)
j  org.lwjgl.opengl.GL11.nglDrawElementsBO(IIIJJ)V+0
j  org.lwjgl.opengl.GL11.glDrawElements(IIIJ)V+28
j  renderer.Renderer.renderScene()V+194
j  threed.space.shooter.Main.main([Ljava/lang/String;)V+56
v  ~StubRoutines::call_stub

---------------  P R O C E S S  ---------------

Java Threads: ( => current thread )
  0x0000000007d79000 JavaThread "Service Thread" daemon [_thread_blocked, id=8588, stack(0x00000000086e0000,0x00000000087e0000)]
  0x0000000007d69000 JavaThread "C2 CompilerThread1" daemon [_thread_blocked, id=6304, stack(0x0000000008970000,0x0000000008a70000)]
  0x0000000007d64000 JavaThread "C2 CompilerThread0" daemon [_thread_blocked, id=5300, stack(0x0000000008820000,0x0000000008920000)]
  0x0000000007d61000 JavaThread "Attach Listener" daemon [_thread_blocked, id=8460, stack(0x00000000080e0000,0x00000000081e0000)]
  0x0000000007d5b800 JavaThread "Signal Dispatcher" daemon [_thread_blocked, id=2528, stack(0x0000000008550000,0x0000000008650000)]
  0x0000000003dc6000 JavaThread "Finalizer" daemon [_thread_blocked, id=8768, stack(0x0000000008330000,0x0000000008430000)]
  0x0000000003dbc000 JavaThread "Reference Handler" daemon [_thread_blocked, id=6548, stack(0x0000000008430000,0x0000000008530000)]
=>0x0000000003e6c000 JavaThread "main" [_thread_in_native, id=2128, stack(0x0000000004120000,0x0000000004220000)]

Other Threads:
  0x0000000003db5800 VMThread [stack: 0x0000000008210000,0x0000000008310000] [id=1180]
  0x0000000007d8e000 WatcherThread [stack: 0x0000000008b50000,0x0000000008c50000] [id=5524]

VM state:not at safepoint (normal execution)

VM Mutex/Monitor currently owned by a thread: None

Heap
 PSYoungGen      total 33792K, used 24422K [0x00000000ebb60000, 0x00000000edee0000, 0x0000000100000000)
  eden space 31232K, 70% used [0x00000000ebb60000,0x00000000ed0bdbe8,0x00000000ed9e0000)
  from space 2560K, 99% used [0x00000000edc60000,0x00000000ededbd50,0x00000000edee0000)
  to   space 2560K, 0% used [0x00000000ed9e0000,0x00000000ed9e0000,0x00000000edc60000)
 PSOldGen        total 41600K, used 2146K [0x00000000c3200000, 0x00000000c5aa0000, 0x00000000ebb60000)
  object space 41600K, 5% used [0x00000000c3200000,0x00000000c3418bf8,0x00000000c5aa0000)
 PSPermGen       total 21248K, used 4542K [0x00000000be000000, 0x00000000bf4c0000, 0x00000000c3200000)
  object space 21248K, 21% used [0x00000000be000000,0x00000000be46fbd8,0x00000000bf4c0000)

Code Cache  [0x0000000004220000, 0x0000000004490000, 0x0000000007220000)
 total_blobs=510 nmethods=201 adapters=260 free_code_cache=48239Kb largest_free_block=49369984

Dynamic libraries:
0x000000013fef0000 - 0x000000013ff23000 	C:\Program Files\Java\jre7\bin\javaw.exe
0x0000000077880000 - 0x0000000077a29000 	C:\Windows\SYSTEM32\ntdll.dll
0x0000000077760000 - 0x000000007787f000 	C:\Windows\system32\kernel32.dll
0x000007fefd990000 - 0x000007fefd9fb000 	C:\Windows\system32\KERNELBASE.dll
0x0000000072300000 - 0x0000000072355000 	C:\Program Files\BitDefender\BitDefender 2011\Active Virus Control\Midas_00089_022\midas64.dll
0x00000000722a0000 - 0x00000000722c8000 	C:\Program Files\BitDefender\BitDefender 2011\Active Virus Control\Midas_00089_022\plugin_base.m64
0x0000000072240000 - 0x0000000072298000 	C:\Program Files\BitDefender\BitDefender 2011\Active Virus Control\Midas_00089_022\plugin_nt.m64
0x0000000072210000 - 0x0000000072235000 	C:\Program Files\BitDefender\BitDefender 2011\Active Virus Control\Midas_00089_022\plugin_registry.m64
0x00000000721d0000 - 0x0000000072209000 	C:\Program Files\BitDefender\BitDefender 2011\Active Virus Control\Midas_00089_022\plugin_extra.m64
0x00000000721b0000 - 0x00000000721cd000 	C:\Program Files\BitDefender\BitDefender 2011\Active Virus Control\Midas_00089_022\plugin_net.m64
0x0000000072160000 - 0x00000000721a8000 	C:\Program Files\BitDefender\BitDefender 2011\Active Virus Control\Midas_00089_022\plugin_fragments.m64
0x0000000180000000 - 0x0000000180023000 	C:\Program Files\BitDefender\BitDefender 2011\Active Virus Control\Midas_00089_022\leaktests.m64
0x000007feff0e0000 - 0x000007feff1bb000 	C:\Windows\system32\ADVAPI32.dll
0x000007fefdaf0000 - 0x000007fefdb8f000 	C:\Windows\system32\msvcrt.dll
0x000007fefee90000 - 0x000007fefeeaf000 	C:\Windows\SYSTEM32\sechost.dll
0x000007fefec00000 - 0x000007fefed2d000 	C:\Windows\system32\RPCRT4.dll
0x0000000077660000 - 0x000000007775a000 	C:\Windows\system32\USER32.dll
0x000007feff800000 - 0x000007feff867000 	C:\Windows\system32\GDI32.dll
0x000007fefdb90000 - 0x000007fefdb9e000 	C:\Windows\system32\LPK.dll
0x000007feff950000 - 0x000007feffa19000 	C:\Windows\system32\USP10.dll
0x000007fefbaa0000 - 0x000007fefbc94000 	C:\Windows\WinSxS\amd64_microsoft.windows.common-controls_6595b64144ccf1df_6.0.7601.17514_none_fa396087175ac9ac\COMCTL32.dll
0x000007feff1c0000 - 0x000007feff231000 	C:\Windows\system32\SHLWAPI.dll
0x000007fefeeb0000 - 0x000007fefeede000 	C:\Windows\system32\IMM32.DLL
0x000007feffa20000 - 0x000007feffb29000 	C:\Windows\system32\MSCTF.dll
0x000000006b920000 - 0x000000006b9f1000 	C:\Program Files\Java\jre7\bin\msvcr100.dll
0x0000000068880000 - 0x0000000068f4e000 	C:\Program Files\Java\jre7\bin\server\jvm.dll
0x000007fefa280000 - 0x000007fefa289000 	C:\Windows\system32\WSOCK32.dll
0x000007feffb30000 - 0x000007feffb7d000 	C:\Windows\system32\WS2_32.dll
0x000007feffb80000 - 0x000007feffb88000 	C:\Windows\system32\NSI.dll
0x000007fefc4e0000 - 0x000007fefc51b000 	C:\Windows\system32\WINMM.dll
0x0000000077a40000 - 0x0000000077a47000 	C:\Windows\system32\PSAPI.DLL
0x0000000070510000 - 0x000000007051f000 	C:\Program Files\Java\jre7\bin\verify.dll
0x000000006c430000 - 0x000000006c458000 	C:\Program Files\Java\jre7\bin\java.dll
0x000000006c470000 - 0x000000006c485000 	C:\Program Files\Java\jre7\bin\zip.dll
0x0000000000670000 - 0x00000000006c0000 	C:\Users\Max\Dropbox\Java\3dss\lwjgl-2.9.0\lwjgl-2.9.0\native\windows\lwjgl64.dll
0x000007fee7360000 - 0x000007fee747d000 	C:\Windows\system32\OPENGL32.dll
0x000007feef130000 - 0x000007feef15d000 	C:\Windows\system32\GLU32.dll
0x000007fee7860000 - 0x000007fee7951000 	C:\Windows\system32\DDRAW.dll
0x000007fef7620000 - 0x000007fef7628000 	C:\Windows\system32\DCIMAN32.dll
0x000007fefef00000 - 0x000007feff0d7000 	C:\Windows\system32\SETUPAPI.dll
0x000007fefda50000 - 0x000007fefda86000 	C:\Windows\system32\CFGMGR32.dll
0x000007feff870000 - 0x000007feff947000 	C:\Windows\system32\OLEAUT32.dll
0x000007feff5f0000 - 0x000007feff7f3000 	C:\Windows\system32\ole32.dll
0x000007fefda30000 - 0x000007fefda4a000 	C:\Windows\system32\DEVOBJ.dll
0x000007fefc320000 - 0x000007fefc338000 	C:\Windows\system32\dwmapi.dll
0x000007fefc710000 - 0x000007fefc71c000 	C:\Windows\system32\VERSION.dll
0x000007fefc340000 - 0x000007fefc396000 	C:\Windows\system32\uxtheme.dll
0x00000000092a0000 - 0x0000000009387000 	C:\Program Files\DigitalPersona\Bin\DpoFeedb.dll
0x000007fefca80000 - 0x000007fefca9e000 	C:\Windows\system32\USERENV.dll
0x000007fefd660000 - 0x000007fefd66f000 	C:\Windows\system32\profapi.dll
0x000007fef7630000 - 0x000007fef7638000 	C:\Windows\system32\atig6pxx.dll
0x0000000069030000 - 0x000000006a444000 	C:\Windows\system32\atio6axx.dll
0x000007fef7220000 - 0x000007fef722a000 	C:\Windows\system32\atig6txx.dll
0x0000000000fc0000 - 0x0000000001017000 	C:\Windows\system32\atiadlxx.dll
0x000007fefd710000 - 0x000007fefd74a000 	C:\Windows\system32\WINTRUST.dll
0x000007fefd820000 - 0x000007fefd98c000 	C:\Windows\system32\CRYPT32.dll
0x000007fefd700000 - 0x000007fefd70f000 	C:\Windows\system32\MSASN1.dll
0x000007fef2dd0000 - 0x000007fef2dd7000 	C:\Program Files\BitDefender\BitDefender 2011\pchook64.dll
0x000007fefde70000 - 0x000007fefebf8000 	C:\Windows\system32\SHELL32.dll
0x0000000075300000 - 0x00000000753a3000 	C:\Windows\WinSxS\amd64_microsoft.vc90.crt_1fc8b3b9a1e18e3b_9.0.30729.6161_none_08e61857a83bc251\MSVCR90.dll
0x000007fefd500000 - 0x000007fefd525000 	C:\Windows\system32\SspiCli.dll
0x000007fefd590000 - 0x000007fefd59f000 	C:\Windows\system32\CRYPTBASE.dll
0x000007fefdba0000 - 0x000007fefdc39000 	C:\Windows\system32\CLBCatQ.DLL
0x000007feef1d0000 - 0x000007feef1fd000 	C:\Program Files\DigitalPersona\Bin\DpoSet.dll
0x00000000753b0000 - 0x0000000075483000 	C:\Windows\WinSxS\amd64_microsoft.vc90.crt_1fc8b3b9a1e18e3b_9.0.30729.6161_none_08e61857a83bc251\MSVCP90.dll
0x000007fee77c0000 - 0x000007fee785c000 	C:\Windows\system32\mscms.dll
0x000007feeb9a0000 - 0x000007feeb9e2000 	C:\Windows\system32\icm32.dll

VM Arguments:
jvm_args: -Djava.library.path=C:\Users\Max\Dropbox\Java\3dss\lwjgl-2.9.0\lwjgl-2.9.0\native\windows;C:\Users\Max\Dropbox\Java\3dss\lwjgl-2.9.0\lwjgl-2.9.0\native\windows -Dfile.encoding=Cp1252 
java_command: threed.space.shooter.Main
Launcher Type: SUN_STANDARD

Environment Variables:
CLASSPATH=.;C:\Program Files (x86)\Java\jre6\lib\ext\QTJava.zip
PATH=C:\Program Files (x86)\NVIDIA Corporation\PhysX\Common;C:\Program Files\Common Files\Microsoft Shared\Windows Live;C:\Program Files (x86)\Common Files\Microsoft Shared\Windows Live;C:\Program Files\MATLAB\R2010b\runtime\win64;C:\Program Files\MATLAB\R2010b\bin;C:\Program Files\MATLAB\R2009b\bin;C:\Program Files\MATLAB\R2009b\bin\win64;C:\Program Files (x86)\Haskell\bin;C:\Program Files (x86)\Haskell Platform\2010.2.0.0\lib\extralibs\bin;C:\Program Files (x86)\Haskell Platform\2010.2.0.0\bin;C:\Windows\system32;C:\Windows;C:\Windows\System32\Wbem;C:\Windows\System32\WindowsPowerShell\v1.0\;C:\Program Files (x86)\ATI Technologies\ATI.ACE\Core-Static;C:\Program Files\Intel\WiFi\bin\;C:\Program Files\Common Files\Intel\WirelessCommon\;C:\Program Files (x86)\QuickTime\QTSystem\;C:\Program Files\MATLAB\R2009b\runtime\win64;C:\Program Files\MATLAB\R2009b\bin;C:\Program Files (x86)\Altium Designer Summer 09\System;C:\Program Files (x86)\Windows Live\Shared;C:\Program Files (x86)\IVI Foundation\VISA\WinNT\Bin;C:\Program Files\JAI\SDK\bin;C:\Program Files\JAI\SDK\bin\Win32_i86;C:\Program Files\JAI\SDK\GenICam\bin\Win64_x64;C:\Program Files\JAI\SDK\GenICam\bin\Win32_i86;c:\Program Files (x86)\Microsoft SQL Server\100\Tools\Binn\;c:\Program Files\Microsoft SQL Server\100\Tools\Binn\;c:\Program Files\Microsoft SQL Server\100\DTS\Binn\;C:\Program Files\jEdit;C:\Ruby193\bin;C:\Users\Max\AppData\Roaming\cabal\bin
USERNAME=Max
OS=Windows_NT
PROCESSOR_IDENTIFIER=Intel64 Family 6 Model 37 Stepping 5, GenuineIntel



---------------  S Y S T E M  ---------------

OS: Windows 7 , 64 bit Build 7601 Service Pack 1

CPU:total 4 (2 cores per cpu, 2 threads per core) family 6 model 37 stepping 5, cmov, cx8, fxsr, mmx, sse, sse2, sse3, ssse3, sse4.1, sse4.2, popcnt, ht

Memory: 4k page, physical 3987312k(1751640k free), swap 7972760k(4113116k free)

vm_info: Java HotSpot(TM) 64-Bit Server VM (21.0-b17) for windows-amd64 JRE (1.7.0-b147), built on Jun 27 2011 02:19:45 by "java_re" with unknown MS VC++:1600

time: Sat Nov 02 22:52:58 2013
elapsed time: 2 seconds

